build/app/outputs/mapping/release/mapping.txt
# compiler: R8
# compiler_version: 3.0.73
# min_api: 16
# pg_map_id: 00781e5
# common_typos_disable
...
io.flutter.embedding.engine.systemchannels.PlatformChannel$SystemUiMode -> s.i$k:
    io.flutter.embedding.engine.systemchannels.PlatformChannel$SystemUiMode EDGE_TO_EDGE -> e
    io.flutter.embedding.engine.systemchannels.PlatformChannel$SystemUiMode IMMERSIVE_STICKY -> d
    io.flutter.embedding.engine.systemchannels.PlatformChannel$SystemUiMode IMMERSIVE -> c
    io.flutter.embedding.engine.systemchannels.PlatformChannel$SystemUiMode LEAN_BACK -> b
    io.flutter.embedding.engine.systemchannels.PlatformChannel$SystemUiMode[] $VALUES -> f
    java.lang.String encodedName -> a
    io.flutter.embedding.engine.systemchannels.PlatformChannel$SystemUiMode fromValue(java.lang.String) -> a
io.flutter.embedding.engine.systemchannels.PlatformChannel$SystemUiOverlay -> s.i$l:
    io.flutter.embedding.engine.systemchannels.PlatformChannel$SystemUiOverlay TOP_OVERLAYS -> b
    io.flutter.embedding.engine.systemchannels.PlatformChannel$SystemUiOverlay BOTTOM_OVERLAYS -> c
    io.flutter.embedding.engine.systemchannels.PlatformChannel$SystemUiOverlay[] $VALUES -> d
    java.lang.String encodedName -> a
    io.flutter.embedding.engine.systemchannels.PlatformChannel$SystemUiOverlay fromValue(java.lang.String) -> a
io.flutter.embedding.engine.systemchannels.PlatformViewsChannel -> s.j:
    io.flutter.plugin.common.MethodChannel$MethodCallHandler parsingHandler -> c
    io.flutter.embedding.engine.systemchannels.PlatformViewsChannel$PlatformViewsHandler handler -> b
    io.flutter.plugin.common.MethodChannel channel -> a
    io.flutter.embedding.engine.systemchannels.PlatformViewsChannel$PlatformViewsHandler access$000(io.flutter.embedding.engine.systemchannels.PlatformViewsChannel) -> a
    java.lang.String access$100(java.lang.Exception) -> b
    java.lang.String detailedExceptionString(java.lang.Exception) -> c
    void invokeViewFocused(int) -> d
    void setPlatformViewsHandler(io.flutter.embedding.engine.systemchannels.PlatformViewsChannel$PlatformViewsHandler) -> e
io.flutter.embedding.engine.systemchannels.PlatformViewsChannel$1 -> s.j$a:
    io.flutter.embedding.engine.systemchannels.PlatformViewsChannel this$0 -> a
    void clearFocus(io.flutter.plugin.common.MethodCall,io.flutter.plugin.common.MethodChannel$Result) -> a
    void onMethodCall(io.flutter.plugin.common.MethodCall,io.flutter.plugin.common.MethodChannel$Result) -> b
    void create(io.flutter.plugin.common.MethodCall,io.flutter.plugin.common.MethodChannel$Result) -> c
    void dispose(io.flutter.plugin.common.MethodCall,io.flutter.plugin.common.MethodChannel$Result) -> d
    void resize(io.flutter.plugin.common.MethodCall,io.flutter.plugin.common.MethodChannel$Result) -> e
    void setDirection(io.flutter.plugin.common.MethodCall,io.flutter.plugin.common.MethodChannel$Result) -> f
    void synchronizeToNativeViewHierarchy(io.flutter.plugin.common.MethodCall,io.flutter.plugin.common.MethodChannel$Result) -> g
    void touch(io.flutter.plugin.common.MethodCall,io.flutter.plugin.common.MethodChannel$Result) -> h
io.flutter.embedding.engine.systemchannels.PlatformViewsChannel$1$1 -> s.j$a$a:
    io.flutter.plugin.common.MethodChannel$Result val$result -> a
io.flutter.embedding.engine.systemchannels.PlatformViewsChannel$PlatformViewCreationRequest -> s.j$b:
    java.nio.ByteBuffer params -> f
    double logicalWidth -> c
    double logicalHeight -> d
    int direction -> e
    java.lang.String viewType -> b
    int viewId -> a
io.flutter.embedding.engine.systemchannels.PlatformViewsChannel$PlatformViewResizeRequest -> s.j$c:
    double newLogicalWidth -> b
    double newLogicalHeight -> c
    int viewId -> a