build/app/outputs/mapping/release/usage.txt
com.google.common.base.Predicates$ObjectPredicate
com.google.common.base.Predicates$OrPredicate
com.google.common.base.Predicates$SubtypeOfPredicate
com.google.common.base.Predicates
com.google.common.base.Present
com.google.common.base.SmallCharMatcher
com.google.common.base.Splitter$1$1
com.google.common.base.Splitter$1
com.google.common.base.Splitter$2$1
com.google.common.base.Splitter$2
com.google.common.base.Splitter$3$1
com.google.common.base.Splitter$3
com.google.common.base.Splitter$4$1
com.google.common.base.Splitter$4
com.google.common.base.Splitter$5
com.google.common.base.Splitter$MapSplitter
com.google.common.base.Splitter$SplittingIterator
com.google.common.base.Splitter$Strategy
com.google.common.base.Splitter
com.google.common.base.StandardSystemProperty
com.google.common.base.Stopwatch$1
com.google.common.base.Stopwatch
com.google.common.base.Strings:
    private void <init>()
    public static java.lang.String commonPrefix(java.lang.CharSequence,java.lang.CharSequence)
    public static java.lang.String commonSuffix(java.lang.CharSequence,java.lang.CharSequence)
    public static java.lang.String emptyToNull(java.lang.String)
    public static boolean isNullOrEmpty(java.lang.String)
    public static java.lang.String nullToEmpty(java.lang.String)
    public static java.lang.String padEnd(java.lang.String,int,char)
    public static java.lang.String padStart(java.lang.String,int,char)
    public static java.lang.String repeat(java.lang.String,int)
    static boolean validSurrogatePairAt(java.lang.CharSequence,int)
com.google.common.base.Supplier
com.google.common.base.Suppliers$ExpiringMemoizingSupplier
com.google.common.base.Suppliers$MemoizingSupplier
com.google.common.base.Suppliers$NonSerializableMemoizingSupplier
com.google.common.base.Suppliers$SupplierComposition
com.google.common.base.Suppliers$SupplierFunction
com.google.common.base.Suppliers$SupplierFunctionImpl
com.google.common.base.Suppliers$SupplierOfInstance
com.google.common.base.Suppliers$ThreadSafeSupplier
com.google.common.base.Suppliers
com.google.common.base.Throwables$1
com.google.common.base.Throwables:
    private static final java.lang.String JAVA_LANG_ACCESS_CLASSNAME
    static final java.lang.String SHARED_SECRETS_CLASSNAME
    private void <init>()
    static synthetic java.lang.reflect.Method access$000()
    static synthetic java.lang.Object access$100()
    static synthetic java.lang.Object access$200(java.lang.reflect.Method,java.lang.Object,java.lang.Object[])
    static synthetic java.lang.reflect.Method access$300()
    public static java.util.List getCausalChain(java.lang.Throwable)
    public static java.lang.Throwable getCauseAs(java.lang.Throwable,java.lang.Class)
    public static java.lang.Throwable getRootCause(java.lang.Throwable)
    public static java.lang.String getStackTraceAsString(java.lang.Throwable)
    private static varargs java.lang.Object invokeAccessibleNonThrowingMethod(java.lang.reflect.Method,java.lang.Object,java.lang.Object[])
    private static java.util.List jlaStackTrace(java.lang.Throwable)
    public static java.util.List lazyStackTrace(java.lang.Throwable)
    public static boolean lazyStackTraceIsLazy()
    public static java.lang.RuntimeException propagate(java.lang.Throwable)
    public static void propagateIfInstanceOf(java.lang.Throwable,java.lang.Class)
    public static void propagateIfPossible(java.lang.Throwable)
    public static void propagateIfPossible(java.lang.Throwable,java.lang.Class)
    public static void propagateIfPossible(java.lang.Throwable,java.lang.Class,java.lang.Class)
com.google.common.base.Ticker$1
com.google.common.base.Ticker
com.google.common.base.Utf8
com.google.common.base.Verify
com.google.common.base.VerifyException
com.google.common.base.internal.Finalizer
com.google.common.base.package-info
com.google.common.cache.AbstractCache$SimpleStatsCounter
com.google.common.cache.AbstractCache$StatsCounter
com.google.common.cache.AbstractCache